<?xml version="1.0" encoding="UTF-8"?>
<testng-results skipped="0" failed="1" ignored="0" total="2" passed="1">
  <reporter-output>
    <line>
      <![CDATA[Settingup reports and test is getting ready]]>
    </line>
    <line>
      <![CDATA[Settings done and  test can start]]>
    </line>
    <line>
      <![CDATA[trying to start browser and getting application ready]]>
    </line>
    <line>
      <![CDATA[browser and application is up and running]]>
    </line>
    <line>
      <![CDATA[trying to get scteenshot on failure]]>
    </line>
    <line>
      <![CDATA[taken screenshot on failure]]>
    </line>
    <line>
      <![CDATA[browser is getting ready to quit]]>
    </line>
    <line>
      <![CDATA[browser quited successfully and test completed]]>
    </line>
  </reporter-output>
  <suite name="Suite" duration-ms="23593" started-at="2021-01-09T07:12:36Z" finished-at="2021-01-09T07:12:59Z">
    <groups>
    </groups>
    <test name="Test" duration-ms="23593" started-at="2021-01-09T07:12:36Z" finished-at="2021-01-09T07:12:59Z">
      <class name="com.learnautomation.tesecases.Testcase1">
        <test-method status="PASS" signature="setupSuite()[pri:0, instance:com.learnautomation.tesecases.Testcase1@2f177a4b]" name="setupSuite" is-config="true" duration-ms="442" started-at="2021-01-09T12:42:35Z" finished-at="2021-01-09T12:42:36Z">
          <reporter-output>
            <line>
              <![CDATA[Settingup reports and test is getting ready]]>
            </line>
            <line>
              <![CDATA[Settings done and  test can start]]>
            </line>
          </reporter-output>
        </test-method> <!-- setupSuite -->
        <test-method status="PASS" signature="setup()[pri:0, instance:com.learnautomation.tesecases.Testcase1@2f177a4b]" name="setup" is-config="true" duration-ms="6693" started-at="2021-01-09T12:42:36Z" finished-at="2021-01-09T12:42:42Z">
          <reporter-output>
            <line>
              <![CDATA[trying to start browser and getting application ready]]>
            </line>
            <line>
              <![CDATA[browser and application is up and running]]>
            </line>
          </reporter-output>
        </test-method> <!-- setup -->
        <test-method status="FAIL" signature="loginTest()[pri:1, instance:com.learnautomation.tesecases.Testcase1@2f177a4b]" name="loginTest" duration-ms="15180" started-at="2021-01-09T12:42:42Z" finished-at="2021-01-09T12:42:58Z">
          <exception class="org.openqa.selenium.NoSuchElementException">
            <message>
              <![CDATA[Unable to locate element: #userpassword
For documentation on this error, please visit: https://www.seleniumhq.org/exceptions/no_such_element.html
Build info: version: '3.141.59', revision: 'e82be7d358', time: '2018-11-14T08:17:03'
System info: host: 'ASUS', ip: '192.168.43.182', os.name: 'Windows 10', os.arch: 'amd64', os.version: '10.0', java.version: '1.8.0_271'
Driver info: org.openqa.selenium.firefox.FirefoxDriver
Capabilities {acceptInsecureCerts: true, browserName: firefox, browserVersion: 80.0.1, javascriptEnabled: true, moz:accessibilityChecks: false, moz:buildID: 20200831163820, moz:geckodriverVersion: 0.26.0, moz:headless: false, moz:processID: 6324, moz:profile: C:\Users\vj\AppData\Local\T..., moz:shutdownTimeout: 60000, moz:useNonSpecCompliantPointerOrigin: false, moz:webdriverClick: true, pageLoadStrategy: normal, platform: WINDOWS, platformName: WINDOWS, platformVersion: 10.0, rotatable: false, setWindowRect: true, strictFileInteractability: false, timeouts: {implicit: 0, pageLoad: 300000, script: 30000}, unhandledPromptBehavior: dismiss and notify}
Session ID: d9c12081-93c0-4aab-ba71-0b39d3ed4bae
*** Element info: {Using=id, value=userpassword}]]>
            </message>
            <full-stacktrace>
              <![CDATA[org.openqa.selenium.NoSuchElementException: Unable to locate element: #userpassword
For documentation on this error, please visit: https://www.seleniumhq.org/exceptions/no_such_element.html
Build info: version: '3.141.59', revision: 'e82be7d358', time: '2018-11-14T08:17:03'
System info: host: 'ASUS', ip: '192.168.43.182', os.name: 'Windows 10', os.arch: 'amd64', os.version: '10.0', java.version: '1.8.0_271'
Driver info: org.openqa.selenium.firefox.FirefoxDriver
Capabilities {acceptInsecureCerts: true, browserName: firefox, browserVersion: 80.0.1, javascriptEnabled: true, moz:accessibilityChecks: false, moz:buildID: 20200831163820, moz:geckodriverVersion: 0.26.0, moz:headless: false, moz:processID: 6324, moz:profile: C:\Users\vj\AppData\Local\T..., moz:shutdownTimeout: 60000, moz:useNonSpecCompliantPointerOrigin: false, moz:webdriverClick: true, pageLoadStrategy: normal, platform: WINDOWS, platformName: WINDOWS, platformVersion: 10.0, rotatable: false, setWindowRect: true, strictFileInteractability: false, timeouts: {implicit: 0, pageLoad: 300000, script: 30000}, unhandledPromptBehavior: dismiss and notify}
Session ID: d9c12081-93c0-4aab-ba71-0b39d3ed4bae
*** Element info: {Using=id, value=userpassword}
	at sun.reflect.NativeConstructorAccessorImpl.newInstance0(Native Method)
	at sun.reflect.NativeConstructorAccessorImpl.newInstance(Unknown Source)
	at sun.reflect.DelegatingConstructorAccessorImpl.newInstance(Unknown Source)
	at java.lang.reflect.Constructor.newInstance(Unknown Source)
	at org.openqa.selenium.remote.http.W3CHttpResponseCodec.createException(W3CHttpResponseCodec.java:187)
	at org.openqa.selenium.remote.http.W3CHttpResponseCodec.decode(W3CHttpResponseCodec.java:122)
	at org.openqa.selenium.remote.http.W3CHttpResponseCodec.decode(W3CHttpResponseCodec.java:49)
	at org.openqa.selenium.remote.HttpCommandExecutor.execute(HttpCommandExecutor.java:158)
	at org.openqa.selenium.remote.service.DriverCommandExecutor.execute(DriverCommandExecutor.java:83)
	at org.openqa.selenium.remote.RemoteWebDriver.execute(RemoteWebDriver.java:552)
	at org.openqa.selenium.remote.RemoteWebDriver.findElement(RemoteWebDriver.java:323)
	at org.openqa.selenium.remote.RemoteWebDriver.findElementById(RemoteWebDriver.java:372)
	at org.openqa.selenium.By$ById.findElement(By.java:188)
	at org.openqa.selenium.remote.RemoteWebDriver.findElement(RemoteWebDriver.java:315)
	at org.openqa.selenium.support.pagefactory.DefaultElementLocator.findElement(DefaultElementLocator.java:69)
	at org.openqa.selenium.support.pagefactory.internal.LocatingElementHandler.invoke(LocatingElementHandler.java:38)
	at com.sun.proxy.$Proxy11.sendKeys(Unknown Source)
	at com.learnautomation.pages.LoginPage.loginToCRM(LoginPage.java:25)
	at com.learnautomation.tesecases.Testcase1.loginTest(Testcase1.java:18)
	at sun.reflect.NativeMethodAccessorImpl.invoke0(Native Method)
	at sun.reflect.NativeMethodAccessorImpl.invoke(Unknown Source)
	at sun.reflect.DelegatingMethodAccessorImpl.invoke(Unknown Source)
	at java.lang.reflect.Method.invoke(Unknown Source)
	at org.testng.internal.MethodInvocationHelper.invokeMethod(MethodInvocationHelper.java:104)
	at org.testng.internal.Invoker.invokeMethod(Invoker.java:645)
	at org.testng.internal.Invoker.invokeTestMethod(Invoker.java:851)
	at org.testng.internal.Invoker.invokeTestMethods(Invoker.java:1177)
	at org.testng.internal.TestMethodWorker.invokeTestMethods(TestMethodWorker.java:129)
	at org.testng.internal.TestMethodWorker.run(TestMethodWorker.java:112)
	at org.testng.TestRunner.privateRun(TestRunner.java:756)
	at org.testng.TestRunner.run(TestRunner.java:610)
	at org.testng.SuiteRunner.runTest(SuiteRunner.java:387)
	at org.testng.SuiteRunner.runSequentially(SuiteRunner.java:382)
	at org.testng.SuiteRunner.privateRun(SuiteRunner.java:340)
	at org.testng.SuiteRunner.run(SuiteRunner.java:289)
	at org.testng.SuiteRunnerWorker.runSuite(SuiteRunnerWorker.java:52)
	at org.testng.SuiteRunnerWorker.run(SuiteRunnerWorker.java:86)
	at org.testng.TestNG.runSuitesSequentially(TestNG.java:1293)
	at org.testng.TestNG.runSuitesLocally(TestNG.java:1218)
	at org.testng.TestNG.runSuites(TestNG.java:1133)
	at org.testng.TestNG.run(TestNG.java:1104)
	at org.testng.remote.AbstractRemoteTestNG.run(AbstractRemoteTestNG.java:115)
	at org.testng.remote.RemoteTestNG.initAndRun(RemoteTestNG.java:251)
	at org.testng.remote.RemoteTestNG.main(RemoteTestNG.java:77)
]]>
            </full-stacktrace>
          </exception> <!-- org.openqa.selenium.NoSuchElementException -->
          <reporter-output>
          </reporter-output>
        </test-method> <!-- loginTest -->
        <test-method status="PASS" signature="teardownMethod(org.testng.ITestResult)[pri:0, instance:com.learnautomation.tesecases.Testcase1@2f177a4b]" name="teardownMethod" is-config="true" duration-ms="390" started-at="2021-01-09T12:42:58Z" finished-at="2021-01-09T12:42:58Z">
          <params>
            <param index="0">
              <value>
                <![CDATA[[TestResult name=loginTest status=FAILURE method=Testcase1.loginTest()[pri:1, instance:com.learnautomation.tesecases.Testcase1@2f177a4b] output={null}]]]>
              </value>
            </param>
          </params>
          <reporter-output>
            <line>
              <![CDATA[trying to get scteenshot on failure]]>
            </line>
            <line>
              <![CDATA[taken screenshot on failure]]>
            </line>
          </reporter-output>
        </test-method> <!-- teardownMethod -->
        <test-method status="PASS" signature="logoutTest()[pri:2, instance:com.learnautomation.tesecases.Testcase1@2f177a4b]" name="logoutTest" duration-ms="1" started-at="2021-01-09T12:42:58Z" finished-at="2021-01-09T12:42:58Z">
          <reporter-output>
          </reporter-output>
        </test-method> <!-- logoutTest -->
        <test-method status="PASS" signature="teardownMethod(org.testng.ITestResult)[pri:0, instance:com.learnautomation.tesecases.Testcase1@2f177a4b]" name="teardownMethod" is-config="true" duration-ms="42" started-at="2021-01-09T12:42:58Z" finished-at="2021-01-09T12:42:58Z">
          <params>
            <param index="0">
              <value>
                <![CDATA[[TestResult name=logoutTest status=SUCCESS method=Testcase1.logoutTest()[pri:2, instance:com.learnautomation.tesecases.Testcase1@2f177a4b] output={null}]]]>
              </value>
            </param>
          </params>
          <reporter-output>
          </reporter-output>
        </test-method> <!-- teardownMethod -->
        <test-method status="PASS" signature="teardown()[pri:0, instance:com.learnautomation.tesecases.Testcase1@2f177a4b]" name="teardown" is-config="true" duration-ms="1270" started-at="2021-01-09T12:42:58Z" finished-at="2021-01-09T12:42:59Z">
          <reporter-output>
            <line>
              <![CDATA[browser is getting ready to quit]]>
            </line>
            <line>
              <![CDATA[browser quited successfully and test completed]]>
            </line>
          </reporter-output>
        </test-method> <!-- teardown -->
      </class> <!-- com.learnautomation.tesecases.Testcase1 -->
    </test> <!-- Test -->
  </suite> <!-- Suite -->
</testng-results>
